This file contains any messages produced by compilers while
running configure, to aid debugging if configure makes a mistake.

It was created by v4l-utils configure 1.0.1, which was
generated by GNU Autoconf 2.69.  Invocation command line was

  $ ./configure 

## --------- ##
## Platform. ##
## --------- ##

hostname = clanton
uname -m = i586
uname -r = 3.8.7-yocto-standard
uname -s = Linux
uname -v = #1 Tue Dec 24 06:40:25 PST 2013

/usr/bin/uname -p = unknown
/bin/uname -X     = unknown

/bin/arch              = unknown
/usr/bin/arch -k       = unknown
/usr/convex/getsysinfo = unknown
/usr/bin/hostinfo      = unknown
/bin/machine           = unknown
/usr/bin/oslevel       = unknown
/bin/universe          = unknown

PATH: /usr/local/bin
PATH: /usr/bin
PATH: /bin
PATH: /usr/local/sbin
PATH: /usr/sbin
PATH: /sbin


## ----------- ##
## Core tests. ##
## ----------- ##

configure:2561: checking for a BSD-compatible install
configure:2629: result: /usr/bin/install -c
configure:2640: checking whether build environment is sane
configure:2695: result: yes
configure:2846: checking for a thread-safe mkdir -p
configure:2885: result: /bin/mkdir -p
configure:2892: checking for gawk
configure:2908: found /usr/bin/gawk
configure:2919: result: gawk
configure:2930: checking whether make sets $(MAKE)
configure:2952: result: yes
configure:2981: checking whether make supports nested variables
configure:2998: result: yes
configure:3125: checking whether to enable maintainer-specific portions of Makefiles
configure:3134: result: no
configure:3158: checking whether make supports nested variables
configure:3175: result: yes
configure:3246: checking for g++
configure:3262: found /usr/bin/g++
configure:3273: result: g++
configure:3300: checking for C++ compiler version
configure:3309: g++ --version >&5
g++ (GCC) 4.7.2
Copyright (C) 2012 Free Software Foundation, Inc.
This is free software; see the source for copying conditions.  There is NO
warranty; not even for MERCHANTABILITY or FITNESS FOR A PARTICULAR PURPOSE.

configure:3320: $? = 0
configure:3309: g++ -v >&5
Using built-in specs.
COLLECT_GCC=g++
COLLECT_LTO_WRAPPER=/usr/lib/gcc/gcc/i586-poky-linux/4.7.2/lto-wrapper
Target: i586-poky-linux
Configured with: /home/anil/IoTDisk/build/meta-clanton_v0.8.0/yocto_build/tmp/work-shared/gcc-4.7.2-r20/gcc-4.7.2/configure --build=x86_64-linux --host=i586-poky-linux --target=i586-poky-linux --prefix=/usr --exec_prefix=/usr --bindir=/usr/bin --sbindir=/usr/sbin --libexecdir=/usr/lib/gcc --datadir=/usr/share --sysconfdir=/etc --sharedstatedir=/com --localstatedir=/var --libdir=/usr/lib --includedir=/usr/include --oldincludedir=/usr/include --infodir=/usr/share/info --mandir=/usr/share/man --disable-silent-rules --disable-dependency-tracking --with-libtool-sysroot=/home/anil/IoTDisk/build/meta-clanton_v0.8.0/yocto_build/tmp/sysroots/clanton --with-gnu-ld --enable-shared --enable-languages=c,c++ --enable-threads=posix --enable-multilib --enable-c99 --enable-long-long --enable-symvers=gnu --enable-libstdcxx-pch --program-prefix=i586-poky-linux- --without-local-prefix --enable-target-optspace --enable-lto --enable-libssp --disable-bootstrap --disable-libmudflap --with-system-zlib --with-linker-hash-style=gnu --enable-linker-build-id --with-ppl=no --with-cloog=no --enable-checking=release --enable-cheaders=c_global --with-sysroot=/ --with-build-sysroot=/home/anil/IoTDisk/build/meta-clanton_v0.8.0/yocto_build/tmp/sysroots/clanton --with-native-system-header-dir=/home/anil/IoTDisk/build/meta-clanton_v0.8.0/yocto_build/tmp/sysroots/clanton/usr/include --with-gxx-include-dir=/usr/include/c++/ --enable-targets=all --enable-nls --enable-__cxa_atexit
Thread model: posix
gcc version 4.7.2 (GCC) 
configure:3320: $? = 0
configure:3309: g++ -V >&5
g++: error: unrecognized command line option '-V'
g++: fatal error: no input files
compilation terminated.
configure:3320: $? = 1
configure:3309: g++ -qversion >&5
g++: error: unrecognized command line option '-qversion'
g++: fatal error: no input files
compilation terminated.
configure:3320: $? = 1
configure:3340: checking whether the C++ compiler works
configure:3362: g++    conftest.cpp  >&5
configure:3366: $? = 0
configure:3414: result: yes
configure:3417: checking for C++ compiler default output file name
configure:3419: result: a.out
configure:3425: checking for suffix of executables
configure:3432: g++ -o conftest    conftest.cpp  >&5
configure:3436: $? = 0
configure:3458: result: 
configure:3480: checking whether we are cross compiling
configure:3488: g++ -o conftest    conftest.cpp  >&5
configure:3492: $? = 0
configure:3499: ./conftest
configure:3503: $? = 0
configure:3518: result: no
configure:3523: checking for suffix of object files
configure:3545: g++ -c   conftest.cpp >&5
configure:3549: $? = 0
configure:3570: result: o
configure:3574: checking whether we are using the GNU C++ compiler
configure:3593: g++ -c   conftest.cpp >&5
configure:3593: $? = 0
configure:3602: result: yes
configure:3611: checking whether g++ accepts -g
configure:3631: g++ -c -g  conftest.cpp >&5
configure:3631: $? = 0
configure:3672: result: yes
configure:3706: checking for style of include used by make
configure:3734: result: GNU
configure:3760: checking dependency style of g++
configure:3871: result: gcc3
configure:3934: checking for gcc
configure:3950: found /usr/bin/gcc
configure:3961: result: gcc
configure:4190: checking for C compiler version
configure:4199: gcc --version >&5
gcc (GCC) 4.7.2
Copyright (C) 2012 Free Software Foundation, Inc.
This is free software; see the source for copying conditions.  There is NO
warranty; not even for MERCHANTABILITY or FITNESS FOR A PARTICULAR PURPOSE.

configure:4210: $? = 0
configure:4199: gcc -v >&5
Using built-in specs.
COLLECT_GCC=gcc
COLLECT_LTO_WRAPPER=/usr/lib/gcc/gcc/i586-poky-linux/4.7.2/lto-wrapper
Target: i586-poky-linux
Configured with: /home/anil/IoTDisk/build/meta-clanton_v0.8.0/yocto_build/tmp/work-shared/gcc-4.7.2-r20/gcc-4.7.2/configure --build=x86_64-linux --host=i586-poky-linux --target=i586-poky-linux --prefix=/usr --exec_prefix=/usr --bindir=/usr/bin --sbindir=/usr/sbin --libexecdir=/usr/lib/gcc --datadir=/usr/share --sysconfdir=/etc --sharedstatedir=/com --localstatedir=/var --libdir=/usr/lib --includedir=/usr/include --oldincludedir=/usr/include --infodir=/usr/share/info --mandir=/usr/share/man --disable-silent-rules --disable-dependency-tracking --with-libtool-sysroot=/home/anil/IoTDisk/build/meta-clanton_v0.8.0/yocto_build/tmp/sysroots/clanton --with-gnu-ld --enable-shared --enable-languages=c,c++ --enable-threads=posix --enable-multilib --enable-c99 --enable-long-long --enable-symvers=gnu --enable-libstdcxx-pch --program-prefix=i586-poky-linux- --without-local-prefix --enable-target-optspace --enable-lto --enable-libssp --disable-bootstrap --disable-libmudflap --with-system-zlib --with-linker-hash-style=gnu --enable-linker-build-id --with-ppl=no --with-cloog=no --enable-checking=release --enable-cheaders=c_global --with-sysroot=/ --with-build-sysroot=/home/anil/IoTDisk/build/meta-clanton_v0.8.0/yocto_build/tmp/sysroots/clanton --with-native-system-header-dir=/home/anil/IoTDisk/build/meta-clanton_v0.8.0/yocto_build/tmp/sysroots/clanton/usr/include --with-gxx-include-dir=/usr/include/c++/ --enable-targets=all --enable-nls --enable-__cxa_atexit
Thread model: posix
gcc version 4.7.2 (GCC) 
configure:4210: $? = 0
configure:4199: gcc -V >&5
gcc: error: unrecognized command line option '-V'
gcc: fatal error: no input files
compilation terminated.
configure:4210: $? = 1
configure:4199: gcc -qversion >&5
gcc: error: unrecognized command line option '-qversion'
gcc: fatal error: no input files
compilation terminated.
configure:4210: $? = 1
configure:4214: checking whether we are using the GNU C compiler
configure:4233: gcc -c   conftest.c >&5
configure:4233: $? = 0
configure:4242: result: yes
configure:4251: checking whether gcc accepts -g
configure:4271: gcc -c -g  conftest.c >&5
configure:4271: $? = 0
configure:4312: result: yes
configure:4329: checking for gcc option to accept ISO C89
configure:4392: gcc  -c -g -O2  conftest.c >&5
configure:4392: $? = 0
configure:4405: result: none needed
configure:4430: checking whether gcc understands -c and -o together
configure:4452: gcc -c conftest.c -o conftest2.o
configure:4455: $? = 0
configure:4452: gcc -c conftest.c -o conftest2.o
configure:4455: $? = 0
configure:4467: result: yes
configure:4486: checking dependency style of gcc
configure:4597: result: gcc3
configure:4642: checking build system type
configure:4656: result: i586-pc-linux-gnu
configure:4676: checking host system type
configure:4689: result: i586-pc-linux-gnu
configure:4730: checking how to print strings
configure:4757: result: printf
configure:4778: checking for a sed that does not truncate output
configure:4842: result: /bin/sed
configure:4860: checking for grep that handles long lines and -e
configure:4918: result: /bin/grep
configure:4923: checking for egrep
configure:4985: result: /bin/grep -E
configure:4990: checking for fgrep
configure:5052: result: /bin/grep -F
configure:5087: checking for ld used by gcc
configure:5154: result: /usr/i586-poky-linux/bin/ld
configure:5161: checking if the linker (/usr/i586-poky-linux/bin/ld) is GNU ld
configure:5176: result: yes
configure:5188: checking for BSD- or MS-compatible name lister (nm)
configure:5237: result: /usr/bin/nm -B
configure:5367: checking the name lister (/usr/bin/nm -B) interface
configure:5374: gcc -c -g -O2  conftest.c >&5
configure:5377: /usr/bin/nm -B "conftest.o"
configure:5380: output
00000000 B some_variable
configure:5387: result: BSD nm
configure:5390: checking whether ln -s works
configure:5394: result: yes
configure:5402: checking the maximum length of command line arguments
configure:5533: result: 1572864
configure:5550: checking whether the shell understands some XSI constructs
configure:5560: result: yes
configure:5564: checking whether the shell understands "+="
configure:5570: result: yes
configure:5605: checking how to convert i586-pc-linux-gnu file names to i586-pc-linux-gnu format
configure:5645: result: func_convert_file_noop
configure:5652: checking how to convert i586-pc-linux-gnu file names to toolchain format
configure:5672: result: func_convert_file_noop
configure:5679: checking for /usr/i586-poky-linux/bin/ld option to reload object files
configure:5686: result: -r
configure:5760: checking for objdump
configure:5776: found /usr/bin/objdump
configure:5787: result: objdump
configure:5819: checking how to recognize dependent libraries
configure:6017: result: pass_all
configure:6102: checking for dlltool
configure:6132: result: no
configure:6162: checking how to associate runtime and link libraries
configure:6189: result: printf %s\n
configure:6250: checking for ar
configure:6266: found /usr/bin/ar
configure:6277: result: ar
configure:6314: checking for archiver @FILE support
configure:6331: gcc -c -g -O2  conftest.c >&5
configure:6331: $? = 0
configure:6334: ar cru libconftest.a @conftest.lst >&5
configure:6337: $? = 0
configure:6342: ar cru libconftest.a @conftest.lst >&5
ar: conftest.o: No such file or directory
configure:6345: $? = 1
configure:6357: result: @
configure:6415: checking for strip
configure:6431: found /usr/bin/strip
configure:6442: result: strip
configure:6514: checking for ranlib
configure:6530: found /usr/bin/ranlib
configure:6541: result: ranlib
configure:6643: checking command to parse /usr/bin/nm -B output from gcc object
configure:6763: gcc -c -g -O2  conftest.c >&5
configure:6766: $? = 0
configure:6770: /usr/bin/nm -B conftest.o \| sed -n -e 's/^.*[ ]\([ABCDGIRSTW][ABCDGIRSTW]*\)[ ][ ]*\([_A-Za-z][_A-Za-z0-9]*\)$/\1 \2 \2/p' | sed '/ __gnu_lto/d' \> conftest.nm
configure:6773: $? = 0
configure:6839: gcc -o conftest -g -O2   conftest.c conftstm.o >&5
configure:6842: $? = 0
configure:6880: result: ok
configure:6917: checking for sysroot
configure:6947: result: no
configure:7216: checking for mt
configure:7246: result: no
configure:7266: checking if : is a manifest tool
configure:7272: : '-?'
configure:7280: result: no
configure:7922: checking how to run the C preprocessor
configure:7953: gcc -E  conftest.c
configure:7953: $? = 0
configure:7967: gcc -E  conftest.c
conftest.c:11:28: fatal error: ac_nonexistent.h: No such file or directory
compilation terminated.
configure:7967: $? = 1
configure: failed program was:
| /* confdefs.h */
| #define PACKAGE_NAME "v4l-utils"
| #define PACKAGE_TARNAME "v4l-utils"
| #define PACKAGE_VERSION "1.0.1"
| #define PACKAGE_STRING "v4l-utils 1.0.1"
| #define PACKAGE_BUGREPORT ""
| #define PACKAGE_URL ""
| #define PACKAGE "v4l-utils"
| #define VERSION "1.0.1"
| /* end confdefs.h.  */
| #include <ac_nonexistent.h>
configure:7992: result: gcc -E
configure:8012: gcc -E  conftest.c
configure:8012: $? = 0
configure:8026: gcc -E  conftest.c
conftest.c:11:28: fatal error: ac_nonexistent.h: No such file or directory
compilation terminated.
configure:8026: $? = 1
configure: failed program was:
| /* confdefs.h */
| #define PACKAGE_NAME "v4l-utils"
| #define PACKAGE_TARNAME "v4l-utils"
| #define PACKAGE_VERSION "1.0.1"
| #define PACKAGE_STRING "v4l-utils 1.0.1"
| #define PACKAGE_BUGREPORT ""
| #define PACKAGE_URL ""
| #define PACKAGE "v4l-utils"
| #define VERSION "1.0.1"
| /* end confdefs.h.  */
| #include <ac_nonexistent.h>
configure:8055: checking for ANSI C header files
configure:8075: gcc -c -g -O2  conftest.c >&5
configure:8075: $? = 0
configure:8148: gcc -o conftest -g -O2   conftest.c  >&5
configure:8148: $? = 0
configure:8148: ./conftest
configure:8148: $? = 0
configure:8159: result: yes
configure:8172: checking for sys/types.h
configure:8172: gcc -c -g -O2  conftest.c >&5
configure:8172: $? = 0
configure:8172: result: yes
configure:8172: checking for sys/stat.h
configure:8172: gcc -c -g -O2  conftest.c >&5
configure:8172: $? = 0
configure:8172: result: yes
configure:8172: checking for stdlib.h
configure:8172: gcc -c -g -O2  conftest.c >&5
configure:8172: $? = 0
configure:8172: result: yes
configure:8172: checking for string.h
configure:8172: gcc -c -g -O2  conftest.c >&5
configure:8172: $? = 0
configure:8172: result: yes
configure:8172: checking for memory.h
configure:8172: gcc -c -g -O2  conftest.c >&5
configure:8172: $? = 0
configure:8172: result: yes
configure:8172: checking for strings.h
configure:8172: gcc -c -g -O2  conftest.c >&5
configure:8172: $? = 0
configure:8172: result: yes
configure:8172: checking for inttypes.h
configure:8172: gcc -c -g -O2  conftest.c >&5
configure:8172: $? = 0
configure:8172: result: yes
configure:8172: checking for stdint.h
configure:8172: gcc -c -g -O2  conftest.c >&5
configure:8172: $? = 0
configure:8172: result: yes
configure:8172: checking for unistd.h
configure:8172: gcc -c -g -O2  conftest.c >&5
configure:8172: $? = 0
configure:8172: result: yes
configure:8186: checking for dlfcn.h
configure:8186: gcc -c -g -O2  conftest.c >&5
configure:8186: $? = 0
configure:8186: result: yes
configure:8403: checking for objdir
configure:8418: result: .libs
configure:8689: checking if gcc supports -fno-rtti -fno-exceptions
configure:8707: gcc -c -g -O2  -fno-rtti -fno-exceptions conftest.c >&5
cc1: warning: command line option '-fno-rtti' is valid for C++/ObjC++ but not for C [enabled by default]
configure:8711: $? = 0
configure:8724: result: no
configure:9051: checking for gcc option to produce PIC
configure:9058: result: -fPIC -DPIC
configure:9066: checking if gcc PIC flag -fPIC -DPIC works
configure:9084: gcc -c -g -O2  -fPIC -DPIC -DPIC conftest.c >&5
configure:9088: $? = 0
configure:9101: result: yes
configure:9130: checking if gcc static flag -static works
configure:9158: result: no
configure:9173: checking if gcc supports -c -o file.o
configure:9194: gcc -c -g -O2  -o out/conftest2.o conftest.c >&5
configure:9198: $? = 0
configure:9220: result: yes
configure:9228: checking if gcc supports -c -o file.o
configure:9275: result: yes
configure:9308: checking whether the gcc linker (/usr/i586-poky-linux/bin/ld) supports shared libraries
configure:10465: result: yes
configure:10502: checking whether -lc should be explicitly linked in
configure:10510: gcc -c -g -O2  conftest.c >&5
configure:10513: $? = 0
configure:10528: gcc -shared  -fPIC -DPIC conftest.o  -v -Wl,-soname -Wl,conftest -o conftest 2\>\&1 \| /bin/grep  -lc  \>/dev/null 2\>\&1
configure:10531: $? = 0
configure:10545: result: no
configure:10705: checking dynamic linker characteristics
configure:11205: gcc -o conftest -g -O2   -Wl,-rpath -Wl,/foo conftest.c  >&5
configure:11205: $? = 0
configure:11439: result: GNU/Linux ld.so
configure:11546: checking how to hardcode library paths into programs
configure:11571: result: immediate
configure:12111: checking whether stripping libraries is possible
configure:12116: result: yes
configure:12151: checking if libtool supports shared libraries
configure:12153: result: yes
configure:12156: checking whether to build shared libraries
configure:12177: result: yes
configure:12180: checking whether to build static libraries
configure:12184: result: yes
configure:12207: checking how to run the C++ preprocessor
configure:12234: g++ -E  conftest.cpp
configure:12234: $? = 0
configure:12248: g++ -E  conftest.cpp
conftest.cpp:23:28: fatal error: ac_nonexistent.h: No such file or directory
compilation terminated.
configure:12248: $? = 1
configure: failed program was:
| /* confdefs.h */
| #define PACKAGE_NAME "v4l-utils"
| #define PACKAGE_TARNAME "v4l-utils"
| #define PACKAGE_VERSION "1.0.1"
| #define PACKAGE_STRING "v4l-utils 1.0.1"
| #define PACKAGE_BUGREPORT ""
| #define PACKAGE_URL ""
| #define PACKAGE "v4l-utils"
| #define VERSION "1.0.1"
| #define STDC_HEADERS 1
| #define HAVE_SYS_TYPES_H 1
| #define HAVE_SYS_STAT_H 1
| #define HAVE_STDLIB_H 1
| #define HAVE_STRING_H 1
| #define HAVE_MEMORY_H 1
| #define HAVE_STRINGS_H 1
| #define HAVE_INTTYPES_H 1
| #define HAVE_STDINT_H 1
| #define HAVE_UNISTD_H 1
| #define HAVE_DLFCN_H 1
| #define LT_OBJDIR ".libs/"
| /* end confdefs.h.  */
| #include <ac_nonexistent.h>
configure:12273: result: g++ -E
configure:12293: g++ -E  conftest.cpp
configure:12293: $? = 0
configure:12307: g++ -E  conftest.cpp
conftest.cpp:23:28: fatal error: ac_nonexistent.h: No such file or directory
compilation terminated.
configure:12307: $? = 1
configure: failed program was:
| /* confdefs.h */
| #define PACKAGE_NAME "v4l-utils"
| #define PACKAGE_TARNAME "v4l-utils"
| #define PACKAGE_VERSION "1.0.1"
| #define PACKAGE_STRING "v4l-utils 1.0.1"
| #define PACKAGE_BUGREPORT ""
| #define PACKAGE_URL ""
| #define PACKAGE "v4l-utils"
| #define VERSION "1.0.1"
| #define STDC_HEADERS 1
| #define HAVE_SYS_TYPES_H 1
| #define HAVE_SYS_STAT_H 1
| #define HAVE_STDLIB_H 1
| #define HAVE_STRING_H 1
| #define HAVE_MEMORY_H 1
| #define HAVE_STRINGS_H 1
| #define HAVE_INTTYPES_H 1
| #define HAVE_STDINT_H 1
| #define HAVE_UNISTD_H 1
| #define HAVE_DLFCN_H 1
| #define LT_OBJDIR ".libs/"
| /* end confdefs.h.  */
| #include <ac_nonexistent.h>
configure:12476: checking for ld used by g++
configure:12543: result: /usr/i586-poky-linux/bin/ld
configure:12550: checking if the linker (/usr/i586-poky-linux/bin/ld) is GNU ld
configure:12565: result: yes
configure:12620: checking whether the g++ linker (/usr/i586-poky-linux/bin/ld) supports shared libraries
configure:13622: result: yes
configure:13658: g++ -c -g -O2  conftest.cpp >&5
configure:13661: $? = 0
configure:14181: checking for g++ option to produce PIC
configure:14188: result: -fPIC -DPIC
configure:14196: checking if g++ PIC flag -fPIC -DPIC works
configure:14214: g++ -c -g -O2  -fPIC -DPIC -DPIC conftest.cpp >&5
configure:14218: $? = 0
configure:14231: result: yes
configure:14254: checking if g++ static flag -static works
configure:14282: result: no
configure:14294: checking if g++ supports -c -o file.o
configure:14315: g++ -c -g -O2  -o out/conftest2.o conftest.cpp >&5
configure:14319: $? = 0
configure:14341: result: yes
configure:14346: checking if g++ supports -c -o file.o
configure:14393: result: yes
configure:14423: checking whether the g++ linker (/usr/i586-poky-linux/bin/ld) supports shared libraries
configure:14462: result: yes
configure:14603: checking dynamic linker characteristics
configure:15271: result: GNU/Linux ld.so
configure:15324: checking how to hardcode library paths into programs
configure:15349: result: immediate
configure:15411: checking whether ln -s works
configure:15415: result: yes
configure:15476: checking for pkg-config
configure:15494: found /usr/bin/pkg-config
configure:15506: result: /usr/bin/pkg-config
configure:15531: checking pkg-config is at least version 0.9.0
configure:15534: result: yes
configure:15546: checking for mode_t
configure:15546: gcc -c -g -O2  conftest.c >&5
configure:15546: $? = 0
configure:15546: gcc -c -g -O2  conftest.c >&5
conftest.c: In function 'main':
conftest.c:59:21: error: expected expression before ')' token
configure:15546: $? = 1
configure: failed program was:
| /* confdefs.h */
| #define PACKAGE_NAME "v4l-utils"
| #define PACKAGE_TARNAME "v4l-utils"
| #define PACKAGE_VERSION "1.0.1"
| #define PACKAGE_STRING "v4l-utils 1.0.1"
| #define PACKAGE_BUGREPORT ""
| #define PACKAGE_URL ""
| #define PACKAGE "v4l-utils"
| #define VERSION "1.0.1"
| #define STDC_HEADERS 1
| #define HAVE_SYS_TYPES_H 1
| #define HAVE_SYS_STAT_H 1
| #define HAVE_STDLIB_H 1
| #define HAVE_STRING_H 1
| #define HAVE_MEMORY_H 1
| #define HAVE_STRINGS_H 1
| #define HAVE_INTTYPES_H 1
| #define HAVE_STDINT_H 1
| #define HAVE_UNISTD_H 1
| #define HAVE_DLFCN_H 1
| #define LT_OBJDIR ".libs/"
| /* end confdefs.h.  */
| #include <stdio.h>
| #ifdef HAVE_SYS_TYPES_H
| # include <sys/types.h>
| #endif
| #ifdef HAVE_SYS_STAT_H
| # include <sys/stat.h>
| #endif
| #ifdef STDC_HEADERS
| # include <stdlib.h>
| # include <stddef.h>
| #else
| # ifdef HAVE_STDLIB_H
| #  include <stdlib.h>
| # endif
| #endif
| #ifdef HAVE_STRING_H
| # if !defined STDC_HEADERS && defined HAVE_MEMORY_H
| #  include <memory.h>
| # endif
| # include <string.h>
| #endif
| #ifdef HAVE_STRINGS_H
| # include <strings.h>
| #endif
| #ifdef HAVE_INTTYPES_H
| # include <inttypes.h>
| #endif
| #ifdef HAVE_STDINT_H
| # include <stdint.h>
| #endif
| #ifdef HAVE_UNISTD_H
| # include <unistd.h>
| #endif
| int
| main ()
| {
| if (sizeof ((mode_t)))
| 	    return 0;
|   ;
|   return 0;
| }
configure:15546: result: yes
configure:15559: checking for promoted mode_t type
configure:15576: gcc -c -g -O2  conftest.c >&5
conftest.c: In function 'main':
conftest.c:27:13: error: size of array 'array' is negative
configure:15576: $? = 1
configure: failed program was:
| /* confdefs.h */
| #define PACKAGE_NAME "v4l-utils"
| #define PACKAGE_TARNAME "v4l-utils"
| #define PACKAGE_VERSION "1.0.1"
| #define PACKAGE_STRING "v4l-utils 1.0.1"
| #define PACKAGE_BUGREPORT ""
| #define PACKAGE_URL ""
| #define PACKAGE "v4l-utils"
| #define VERSION "1.0.1"
| #define STDC_HEADERS 1
| #define HAVE_SYS_TYPES_H 1
| #define HAVE_SYS_STAT_H 1
| #define HAVE_STDLIB_H 1
| #define HAVE_STRING_H 1
| #define HAVE_MEMORY_H 1
| #define HAVE_STRINGS_H 1
| #define HAVE_INTTYPES_H 1
| #define HAVE_STDINT_H 1
| #define HAVE_UNISTD_H 1
| #define HAVE_DLFCN_H 1
| #define LT_OBJDIR ".libs/"
| /* end confdefs.h.  */
| #include <sys/types.h>
| int
| main ()
| {
| typedef int array[2 * (sizeof (mode_t) < sizeof (int)) - 1];
|   ;
|   return 0;
| }
configure:15584: result: mode_t
configure:15597: checking whether the -Werror option is usable
configure:15616: gcc -c -g -O2 -Werror  conftest.c >&5
configure:15616: $? = 0
configure:15625: result: yes
configure:15627: checking for simple visibility declarations
configure:15654: gcc -c -g -O2 -fvisibility=hidden -Werror  conftest.c >&5
configure:15654: $? = 0
configure:15663: result: yes
configure:15681: checking sys/klog.h usability
configure:15681: gcc -c -g -O2  conftest.c >&5
configure:15681: $? = 0
configure:15681: result: yes
configure:15681: checking sys/klog.h presence
configure:15681: gcc -E  conftest.c
configure:15681: $? = 0
configure:15681: result: yes
configure:15681: checking for sys/klog.h
configure:15681: result: yes
configure:15693: checking for klogctl
configure:15693: gcc -o conftest -g -O2   conftest.c  >&5
configure:15693: $? = 0
configure:15693: result: yes
configure:15723: checking for X11
configure:15730: $PKG_CONFIG --exists --print-errors "x11"
configure:15733: $? = 0
configure:15747: $PKG_CONFIG --exists --print-errors "x11"
configure:15750: $? = 0
configure:15788: result: yes
configure:15806: checking for GL
configure:15813: $PKG_CONFIG --exists --print-errors "gl"
configure:15816: $? = 0
configure:15830: $PKG_CONFIG --exists --print-errors "gl"
configure:15833: $? = 0
configure:15871: result: yes
configure:15890: checking for GLU
configure:15897: $PKG_CONFIG --exists --print-errors "glu"
configure:15900: $? = 0
configure:15914: $PKG_CONFIG --exists --print-errors "glu"
configure:15917: $? = 0
configure:15955: result: yes
configure:15982: checking jpeglib.h usability
configure:15982: gcc -c -g -O2  conftest.c >&5
configure:15982: $? = 0
configure:15982: result: yes
configure:15982: checking jpeglib.h presence
configure:15982: gcc -E  conftest.c
configure:15982: $? = 0
configure:15982: result: yes
configure:15982: checking for jpeglib.h
configure:15982: result: yes
configure:15984: checking for jpeg_read_header in -ljpeg
configure:16009: gcc -o conftest -g -O2   conftest.c -ljpeg   >&5
configure:16009: $? = 0
configure:16018: result: yes
configure:16048: checking for QT
configure:16055: $PKG_CONFIG --exists --print-errors "QtCore >= 4.4 QtGui >= 4.4"
configure:16058: $? = 0
configure:16072: $PKG_CONFIG --exists --print-errors "QtCore >= 4.4 QtGui >= 4.4"
configure:16075: $? = 0
configure:16113: result: yes
configure:16140: checking for library containing dlopen
configure:16171: gcc -o conftest -g -O2   conftest.c  >&5
/tmp/cceuOjG8.o: In function `main':
/home/root/v4l-utils-1.0.1/conftest.c:39: undefined reference to `dlopen'
collect2: error: ld returned 1 exit status
configure:16171: $? = 1
configure: failed program was:
| /* confdefs.h */
| #define PACKAGE_NAME "v4l-utils"
| #define PACKAGE_TARNAME "v4l-utils"
| #define PACKAGE_VERSION "1.0.1"
| #define PACKAGE_STRING "v4l-utils 1.0.1"
| #define PACKAGE_BUGREPORT ""
| #define PACKAGE_URL ""
| #define PACKAGE "v4l-utils"
| #define VERSION "1.0.1"
| #define STDC_HEADERS 1
| #define HAVE_SYS_TYPES_H 1
| #define HAVE_SYS_STAT_H 1
| #define HAVE_STDLIB_H 1
| #define HAVE_STRING_H 1
| #define HAVE_MEMORY_H 1
| #define HAVE_STRINGS_H 1
| #define HAVE_INTTYPES_H 1
| #define HAVE_STDINT_H 1
| #define HAVE_UNISTD_H 1
| #define HAVE_DLFCN_H 1
| #define LT_OBJDIR ".libs/"
| #define PROMOTED_MODE_T mode_t
| #define HAVE_VISIBILITY 1
| #define HAVE_SYS_KLOG_H 1
| #define HAVE_KLOGCTL 1
| #define HAVE_JPEG 1
| /* end confdefs.h.  */
| 
| /* Override any GCC internal prototype to avoid an error.
|    Use char because int might match the return type of a GCC
|    builtin and then its argument prototype would still apply.  */
| #ifdef __cplusplus
| extern "C"
| #endif
| char dlopen ();
| int
| main ()
| {
| return dlopen ();
|   ;
|   return 0;
| }
configure:16171: gcc -o conftest -g -O2   conftest.c -ldl   >&5
configure:16171: $? = 0
configure:16188: result: -ldl
configure:16201: checking argp.h usability
configure:16201: gcc -c -g -O2  conftest.c >&5
configure:16201: $? = 0
configure:16201: result: yes
configure:16201: checking argp.h presence
configure:16201: gcc -E  conftest.c
configure:16201: $? = 0
configure:16201: result: yes
configure:16201: checking for argp.h
configure:16201: result: yes
configure:16210: checking for library containing argp_parse
configure:16241: gcc -o conftest -g -O2   conftest.c  >&5
configure:16241: $? = 0
configure:16258: result: none required
configure:16271: checking linux/i2c-dev.h usability
configure:16271: gcc -c -g -O2  conftest.c >&5
configure:16271: $? = 0
configure:16271: result: yes
configure:16271: checking linux/i2c-dev.h presence
configure:16271: gcc -E  conftest.c
configure:16271: $? = 0
configure:16271: result: yes
configure:16271: checking for linux/i2c-dev.h
configure:16271: result: yes
configure:16329: checking for ld used by gcc
configure:16396: result: /usr/i586-poky-linux/bin/ld
configure:16403: checking if the linker (/usr/i586-poky-linux/bin/ld) is GNU ld
configure:16418: result: yes
configure:16425: checking for shared library run path origin
configure:16438: result: done
configure:17016: checking for iconv
configure:17040: gcc -o conftest -g -O2   conftest.c  >&5
configure:17040: $? = 0
configure:17074: result: yes
configure:17077: checking for working iconv
configure:17197: gcc -o conftest -g -O2   conftest.c  >&5
configure:17197: $? = 0
configure:17197: ./conftest
configure:17197: $? = 0
configure:17209: result: yes
configure:17237: checking for iconv declaration
configure:17266: gcc -c -g -O2  conftest.c >&5
configure:17266: $? = 0
configure:17277: result:
         extern size_t iconv (iconv_t cd, char * *inbuf, size_t *inbytesleft, char * *outbuf, size_t *outbytesleft);
configure:17676: checking that generated files are newer than configure
configure:17682: result: done
configure:17761: creating ./config.status

## ---------------------- ##
## Running config.status. ##
## ---------------------- ##

This file was extended by v4l-utils config.status 1.0.1, which was
generated by GNU Autoconf 2.69.  Invocation command line was

  CONFIG_FILES    = 
  CONFIG_HEADERS  = 
  CONFIG_LINKS    = 
  CONFIG_COMMANDS = 
  $ ./config.status 

on clanton

config.status:1253: creating Makefile
config.status:1253: creating lib/Makefile
config.status:1253: creating lib/libv4lconvert/Makefile
config.status:1253: creating lib/libv4l2/Makefile
config.status:1253: creating lib/libv4l1/Makefile
config.status:1253: creating lib/libdvbv5/Makefile
config.status:1253: creating lib/libv4l2rds/Makefile
config.status:1253: creating lib/libv4l-mplane/Makefile
config.status:1253: creating utils/Makefile
config.status:1253: creating utils/libv4l2util/Makefile
config.status:1253: creating utils/libmedia_dev/Makefile
config.status:1253: creating utils/decode_tm6000/Makefile
config.status:1253: creating utils/dvb/Makefile
config.status:1253: creating utils/keytable/Makefile
config.status:1253: creating utils/rds/Makefile
config.status:1253: creating utils/v4l2-compliance/Makefile
config.status:1253: creating utils/v4l2-ctl/Makefile
config.status:1253: creating utils/v4l2-dbg/Makefile
config.status:1253: creating utils/v4l2-sysfs-path/Makefile
config.status:1253: creating utils/xc3028-firmware/Makefile
config.status:1253: creating utils/qv4l2/Makefile
config.status:1253: creating utils/rds-ctl/Makefile
config.status:1253: creating contrib/Makefile
config.status:1253: creating contrib/freebsd/Makefile
config.status:1253: creating contrib/test/Makefile
config.status:1253: creating v4l-utils.spec
config.status:1253: creating lib/libv4lconvert/libv4lconvert.pc
config.status:1253: creating lib/libv4l1/libv4l1.pc
config.status:1253: creating lib/libv4l2/libv4l2.pc
config.status:1253: creating lib/libdvbv5/libdvbv5.pc
config.status:1253: creating lib/libv4l2rds/libv4l2rds.pc
config.status:1253: creating config.h
config.status:1482: executing depfiles commands
config.status:1482: executing libtool commands

## ---------------- ##
## Cache variables. ##
## ---------------- ##

ac_cv_build=i586-pc-linux-gnu
ac_cv_c_compiler_gnu=yes
ac_cv_cxx_compiler_gnu=yes
ac_cv_env_CCC_set=
ac_cv_env_CCC_value=
ac_cv_env_CC_set=
ac_cv_env_CC_value=
ac_cv_env_CFLAGS_set=
ac_cv_env_CFLAGS_value=
ac_cv_env_CPPFLAGS_set=
ac_cv_env_CPPFLAGS_value=
ac_cv_env_CPP_set=
ac_cv_env_CPP_value=
ac_cv_env_CXXCPP_set=
ac_cv_env_CXXCPP_value=
ac_cv_env_CXXFLAGS_set=
ac_cv_env_CXXFLAGS_value=
ac_cv_env_CXX_set=
ac_cv_env_CXX_value=
ac_cv_env_GLU_CFLAGS_set=
ac_cv_env_GLU_CFLAGS_value=
ac_cv_env_GLU_LIBS_set=
ac_cv_env_GLU_LIBS_value=
ac_cv_env_GL_CFLAGS_set=
ac_cv_env_GL_CFLAGS_value=
ac_cv_env_GL_LIBS_set=
ac_cv_env_GL_LIBS_value=
ac_cv_env_LDFLAGS_set=
ac_cv_env_LDFLAGS_value=
ac_cv_env_LIBS_set=
ac_cv_env_LIBS_value=
ac_cv_env_PKG_CONFIG_LIBDIR_set=
ac_cv_env_PKG_CONFIG_LIBDIR_value=
ac_cv_env_PKG_CONFIG_PATH_set=
ac_cv_env_PKG_CONFIG_PATH_value=
ac_cv_env_PKG_CONFIG_set=
ac_cv_env_PKG_CONFIG_value=
ac_cv_env_QT_CFLAGS_set=
ac_cv_env_QT_CFLAGS_value=
ac_cv_env_QT_LIBS_set=
ac_cv_env_QT_LIBS_value=
ac_cv_env_X11_CFLAGS_set=
ac_cv_env_X11_CFLAGS_value=
ac_cv_env_X11_LIBS_set=
ac_cv_env_X11_LIBS_value=
ac_cv_env_build_alias_set=
ac_cv_env_build_alias_value=
ac_cv_env_host_alias_set=
ac_cv_env_host_alias_value=
ac_cv_env_target_alias_set=
ac_cv_env_target_alias_value=
ac_cv_func_klogctl=yes
ac_cv_header_argp_h=yes
ac_cv_header_dlfcn_h=yes
ac_cv_header_inttypes_h=yes
ac_cv_header_jpeglib_h=yes
ac_cv_header_linux_i2c_dev_h=yes
ac_cv_header_memory_h=yes
ac_cv_header_stdc=yes
ac_cv_header_stdint_h=yes
ac_cv_header_stdlib_h=yes
ac_cv_header_string_h=yes
ac_cv_header_strings_h=yes
ac_cv_header_sys_klog_h=yes
ac_cv_header_sys_stat_h=yes
ac_cv_header_sys_types_h=yes
ac_cv_header_unistd_h=yes
ac_cv_host=i586-pc-linux-gnu
ac_cv_lib_jpeg_jpeg_read_header=yes
ac_cv_objext=o
ac_cv_path_EGREP='/bin/grep -E'
ac_cv_path_FGREP='/bin/grep -F'
ac_cv_path_GREP=/bin/grep
ac_cv_path_SED=/bin/sed
ac_cv_path_ac_pt_PKG_CONFIG=/usr/bin/pkg-config
ac_cv_path_install='/usr/bin/install -c'
ac_cv_path_mkdir=/bin/mkdir
ac_cv_prog_AWK=gawk
ac_cv_prog_CPP='gcc -E'
ac_cv_prog_CXXCPP='g++ -E'
ac_cv_prog_ac_ct_AR=ar
ac_cv_prog_ac_ct_CC=gcc
ac_cv_prog_ac_ct_CXX=g++
ac_cv_prog_ac_ct_OBJDUMP=objdump
ac_cv_prog_ac_ct_RANLIB=ranlib
ac_cv_prog_ac_ct_STRIP=strip
ac_cv_prog_cc_c89=
ac_cv_prog_cc_g=yes
ac_cv_prog_cxx_g=yes
ac_cv_prog_make_make_set=yes
ac_cv_search_argp_parse='none required'
ac_cv_search_dlopen=-ldl
ac_cv_type_mode_t=yes
acl_cv_hardcode_direct=no
acl_cv_hardcode_libdir_flag_spec='${wl}-rpath ${wl}$libdir'
acl_cv_hardcode_libdir_separator=
acl_cv_hardcode_minus_L=no
acl_cv_libext=a
acl_cv_libname_spec='lib$name'
acl_cv_library_names_spec='$libname$shrext'
acl_cv_path_LD=/usr/i586-poky-linux/bin/ld
acl_cv_prog_gnu_ld=yes
acl_cv_rpath=done
acl_cv_shlibext=so
acl_cv_wl=-Wl,
am_cv_CC_dependencies_compiler_type=gcc3
am_cv_CXX_dependencies_compiler_type=gcc3
am_cv_func_iconv=yes
am_cv_func_iconv_works=yes
am_cv_lib_iconv=no
am_cv_make_support_nested_variables=yes
am_cv_prog_cc_c_o=yes
am_cv_proto_iconv='extern size_t iconv (iconv_t cd, char * *inbuf, size_t *inbytesleft, char * *outbuf, size_t *outbytesleft);'
am_cv_proto_iconv_arg1=
gl_cv_cc_vis_werror=yes
gl_cv_cc_visibility=yes
gl_cv_promoted_mode_t=mode_t
lt_cv_ar_at_file=@
lt_cv_archive_cmds_need_lc=no
lt_cv_deplibs_check_method=pass_all
lt_cv_file_magic_cmd='$MAGIC_CMD'
lt_cv_file_magic_test_file=
lt_cv_ld_reload_flag=-r
lt_cv_nm_interface='BSD nm'
lt_cv_objdir=.libs
lt_cv_path_LD=/usr/i586-poky-linux/bin/ld
lt_cv_path_LDCXX=/usr/i586-poky-linux/bin/ld
lt_cv_path_NM='/usr/bin/nm -B'
lt_cv_path_mainfest_tool=no
lt_cv_prog_compiler_c_o=yes
lt_cv_prog_compiler_c_o_CXX=yes
lt_cv_prog_compiler_pic='-fPIC -DPIC'
lt_cv_prog_compiler_pic_CXX='-fPIC -DPIC'
lt_cv_prog_compiler_pic_works=yes
lt_cv_prog_compiler_pic_works_CXX=yes
lt_cv_prog_compiler_rtti_exceptions=no
lt_cv_prog_compiler_static_works=no
lt_cv_prog_compiler_static_works_CXX=no
lt_cv_prog_gnu_ld=yes
lt_cv_prog_gnu_ldcxx=yes
lt_cv_sharedlib_from_linklib_cmd='printf %s\n'
lt_cv_shlibpath_overrides_runpath=no
lt_cv_sys_global_symbol_pipe='sed -n -e '\''s/^.*[	 ]\([ABCDGIRSTW][ABCDGIRSTW]*\)[	 ][	 ]*\([_A-Za-z][_A-Za-z0-9]*\)$/\1 \2 \2/p'\'' | sed '\''/ __gnu_lto/d'\'''
lt_cv_sys_global_symbol_to_c_name_address='sed -n -e '\''s/^: \([^ ]*\)[ ]*$/  {\"\1\", (void *) 0},/p'\'' -e '\''s/^[ABCDGIRSTW]* \([^ ]*\) \([^ ]*\)$/  {"\2", (void *) \&\2},/p'\'''
lt_cv_sys_global_symbol_to_c_name_address_lib_prefix='sed -n -e '\''s/^: \([^ ]*\)[ ]*$/  {\"\1\", (void *) 0},/p'\'' -e '\''s/^[ABCDGIRSTW]* \([^ ]*\) \(lib[^ ]*\)$/  {"\2", (void *) \&\2},/p'\'' -e '\''s/^[ABCDGIRSTW]* \([^ ]*\) \([^ ]*\)$/  {"lib\2", (void *) \&\2},/p'\'''
lt_cv_sys_global_symbol_to_cdecl='sed -n -e '\''s/^T .* \(.*\)$/extern int \1();/p'\'' -e '\''s/^[ABCDGIRSTW]* .* \(.*\)$/extern char \1;/p'\'''
lt_cv_sys_max_cmd_len=1572864
lt_cv_to_host_file_cmd=func_convert_file_noop
lt_cv_to_tool_file_cmd=func_convert_file_noop
pkg_cv_GLU_CFLAGS='-I/usr/include/libdrm  '
pkg_cv_GLU_LIBS='-lGLU -lGL  '
pkg_cv_GL_CFLAGS='-I/usr/include/libdrm  '
pkg_cv_GL_LIBS='-lGL  '
pkg_cv_QT_CFLAGS='-DQT_SHARED -I/usr/include/qt4/QtCore -I/usr/include/qt4 -I/usr/include/qt4/QtGui  '
pkg_cv_QT_LIBS='-lQtGui -lQtCore  '
pkg_cv_X11_CFLAGS=' '
pkg_cv_X11_LIBS='-lX11  '

## ----------------- ##
## Output variables. ##
## ----------------- ##

ACLOCAL='${SHELL} /home/root/v4l-utils-1.0.1/build-aux/missing aclocal-1.14'
AMDEPBACKSLASH='\'
AMDEP_FALSE='#'
AMDEP_TRUE=''
AMTAR='$${TAR-tar}'
AM_BACKSLASH='\'
AM_DEFAULT_V='$(AM_DEFAULT_VERBOSITY)'
AM_DEFAULT_VERBOSITY='0'
AM_V='$(V)'
AR='ar'
ARGP_LIBS=''
AUTOCONF='${SHELL} /home/root/v4l-utils-1.0.1/build-aux/missing autoconf'
AUTOHEADER='${SHELL} /home/root/v4l-utils-1.0.1/build-aux/missing autoheader'
AUTOMAKE='${SHELL} /home/root/v4l-utils-1.0.1/build-aux/missing automake-1.14'
AWK='gawk'
CC='gcc'
CCDEPMODE='depmode=gcc3'
CFLAGS='-g -O2'
CFLAG_VISIBILITY='-fvisibility=hidden'
CPP='gcc -E'
CPPFLAGS='-I$(top_srcdir)/lib/include -Wall -Wpointer-arith -D_GNU_SOURCE -I$(top_srcdir)/include '
CXX='g++'
CXXCPP='g++ -E'
CXXDEPMODE='depmode=gcc3'
CXXFLAGS='-g -O2'
CYGPATH_W='echo'
DEFS='-DHAVE_CONFIG_H'
DEPDIR='.deps'
DLLTOOL='false'
DLOPEN_LIBS='-ldl'
DSYMUTIL=''
DUMPBIN=''
ECHO_C=''
ECHO_N='-n'
ECHO_T=''
EGREP='/bin/grep -E'
ENFORCE_LIBDVBV5_STATIC='-static'
ENFORCE_LIBV4L_STATIC=''
EXEEXT=''
FGREP='/bin/grep -F'
GLU_CFLAGS='-I/usr/include/libdrm  '
GLU_LIBS='-lGLU -lGL  '
GL_CFLAGS='-I/usr/include/libdrm  '
GL_LIBS='-lGL  '
GREP='/bin/grep'
HAVE_GLU_FALSE='#'
HAVE_GLU_TRUE=''
HAVE_GL_FALSE='#'
HAVE_GL_TRUE=''
HAVE_JPEG_FALSE='#'
HAVE_JPEG_TRUE=''
HAVE_LINUX_I2C_DEV_FALSE='#'
HAVE_LINUX_I2C_DEV_TRUE=''
HAVE_VISIBILITY='1'
HAVE_X11_FALSE='#'
HAVE_X11_TRUE=''
INSTALL_DATA='${INSTALL} -m 644'
INSTALL_PROGRAM='${INSTALL}'
INSTALL_SCRIPT='${INSTALL}'
INSTALL_STRIP_PROGRAM='$(install_sh) -c -s'
IR_KEYTABLE_SYSTEM_DIR='/lib/udev/rc_keymaps'
IR_KEYTABLE_USER_DIR='/usr/local/etc/rc_keymaps'
JPEG_LIBS='-ljpeg'
LD='/usr/i586-poky-linux/bin/ld'
LDFLAGS=''
LIBICONV=''
LIBOBJS=''
LIBS=''
LIBTOOL='$(SHELL) $(top_builddir)/libtool'
LIBV4L1_PRIV_DIR='/usr/local/lib/libv4l'
LIBV4L2_PLUGIN_DIR='/usr/local/lib/libv4l/plugins'
LIBV4L2_PRIV_DIR='/usr/local/lib/libv4l'
LIBV4LCONVERT_PRIV_DIR='/usr/local/lib/libv4l'
LINUX_OS_FALSE='#'
LINUX_OS_TRUE=''
LIPO=''
LN_S='ln -s'
LTLIBICONV=''
LTLIBOBJS=''
MAINT='#'
MAINTAINER_MODE_FALSE=''
MAINTAINER_MODE_TRUE='#'
MAKEINFO='${SHELL} /home/root/v4l-utils-1.0.1/build-aux/missing makeinfo'
MANIFEST_TOOL=':'
MKDIR_P='/bin/mkdir -p'
MOC='/usr/bin/moc4'
NM='/usr/bin/nm -B'
NMEDIT=''
OBJDUMP='objdump'
OBJEXT='o'
OTOOL64=''
OTOOL=''
PACKAGE='v4l-utils'
PACKAGE_BUGREPORT=''
PACKAGE_NAME='v4l-utils'
PACKAGE_STRING='v4l-utils 1.0.1'
PACKAGE_TARNAME='v4l-utils'
PACKAGE_URL=''
PACKAGE_VERSION='1.0.1'
PATH_SEPARATOR=':'
PKG_CONFIG='/usr/bin/pkg-config'
PKG_CONFIG_LIBDIR=''
PKG_CONFIG_PATH=''
QT_CFLAGS='-DQT_SHARED -I/usr/include/qt4/QtCore -I/usr/include/qt4 -I/usr/include/qt4/QtGui  '
QT_LIBS='-lQtGui -lQtCore  '
RANLIB='ranlib'
RCC='$(OE_QMAKE_RCC)'
SED='/bin/sed'
SET_MAKE=''
SHELL='/bin/sh'
STRIP='strip'
UIC='/usr/bin/uic4'
VERSION='1.0.1'
WITH_LIBDVBV5_FALSE=''
WITH_LIBDVBV5_TRUE='#'
WITH_LIBV4L_FALSE='#'
WITH_LIBV4L_TRUE=''
WITH_QV4L2_FALSE='#'
WITH_QV4L2_TRUE=''
WITH_V4LUTILS_FALSE='#'
WITH_V4LUTILS_TRUE=''
WITH_V4L_PLUGINS_FALSE='#'
WITH_V4L_PLUGINS_TRUE=''
WITH_V4L_WRAPPERS_FALSE='#'
WITH_V4L_WRAPPERS_TRUE=''
X11_CFLAGS=' '
X11_LIBS='-lX11  '
ac_ct_AR='ar'
ac_ct_CC='gcc'
ac_ct_CXX='g++'
ac_ct_DUMPBIN=''
am__EXEEXT_FALSE=''
am__EXEEXT_TRUE='#'
am__fastdepCC_FALSE='#'
am__fastdepCC_TRUE=''
am__fastdepCXX_FALSE='#'
am__fastdepCXX_TRUE=''
am__include='include'
am__isrc=''
am__leading_dot='.'
am__nodep='_no'
am__quote=''
am__tar='$${TAR-tar} chof - "$$tardir"'
am__untar='$${TAR-tar} xf -'
bindir='${exec_prefix}/bin'
build='i586-pc-linux-gnu'
build_alias=''
build_cpu='i586'
build_os='linux-gnu'
build_vendor='pc'
datadir='${datarootdir}'
datarootdir='${prefix}/share'
docdir='${datarootdir}/doc/${PACKAGE_TARNAME}'
dvidir='${docdir}'
exec_prefix='${prefix}'
host='i586-pc-linux-gnu'
host_alias=''
host_cpu='i586'
host_os='linux-gnu'
host_vendor='pc'
htmldir='${docdir}'
includedir='${prefix}/include'
infodir='${datarootdir}/info'
install_sh='${SHELL} /home/root/v4l-utils-1.0.1/build-aux/install-sh'
keytablesystemdir='/lib/udev/rc_keymaps'
keytableuserdir='${prefix}/etc/rc_keymaps'
libdir='${exec_prefix}/lib'
libexecdir='${exec_prefix}/libexec'
libv4l1privdir='${exec_prefix}/lib/libv4l'
libv4l1subdir='libv4l'
libv4l2plugindir='${exec_prefix}/lib/libv4l/plugins'
libv4l2privdir='${exec_prefix}/lib/libv4l'
libv4l2subdir='libv4l'
libv4lconvertprivdir='${exec_prefix}/lib/libv4l'
localedir='${datarootdir}/locale'
localstatedir='${prefix}/var'
mandir='${datarootdir}/man'
mkdir_p='$(MKDIR_P)'
oldincludedir='/usr/include'
pdfdir='${docdir}'
pkgconfigdir='${exec_prefix}/lib/pkgconfig'
prefix='/usr/local'
program_transform_name='s,x,x,'
psdir='${docdir}'
sbindir='${exec_prefix}/sbin'
sharedstatedir='${prefix}/com'
sysconfdir='${prefix}/etc'
target_alias=''
udevrulesdir='/lib/udev/rules.d'

## ----------- ##
## confdefs.h. ##
## ----------- ##

/* confdefs.h */
#define PACKAGE_NAME "v4l-utils"
#define PACKAGE_TARNAME "v4l-utils"
#define PACKAGE_VERSION "1.0.1"
#define PACKAGE_STRING "v4l-utils 1.0.1"
#define PACKAGE_BUGREPORT ""
#define PACKAGE_URL ""
#define PACKAGE "v4l-utils"
#define VERSION "1.0.1"
#define STDC_HEADERS 1
#define HAVE_SYS_TYPES_H 1
#define HAVE_SYS_STAT_H 1
#define HAVE_STDLIB_H 1
#define HAVE_STRING_H 1
#define HAVE_MEMORY_H 1
#define HAVE_STRINGS_H 1
#define HAVE_INTTYPES_H 1
#define HAVE_STDINT_H 1
#define HAVE_UNISTD_H 1
#define HAVE_DLFCN_H 1
#define LT_OBJDIR ".libs/"
#define PROMOTED_MODE_T mode_t
#define HAVE_VISIBILITY 1
#define HAVE_SYS_KLOG_H 1
#define HAVE_KLOGCTL 1
#define HAVE_JPEG 1
#define HAVE_ICONV 1
#define ICONV_CONST 
#define V4L_UTILS_VERSION "1.0.1"
#define LIBV4L1_PRIV_DIR "/usr/local/lib/libv4l"
#define LIBV4L2_PRIV_DIR "/usr/local/lib/libv4l"
#define LIBV4L2_PLUGIN_DIR "/usr/local/lib/libv4l/plugins"
#define LIBV4LCONVERT_PRIV_DIR "/usr/local/lib/libv4l"
#define IR_KEYTABLE_SYSTEM_DIR "/lib/udev/rc_keymaps"
#define IR_KEYTABLE_USER_DIR "/usr/local/etc/rc_keymaps"

configure: exit 0
